<?xml version="1.0" encoding="UTF-8"?>
<!-- Generated by org.testng.reporters.JUnitXMLReporter -->
<testsuite hostname="LAPTOP-U6N7CFLI" ignored="1" name="Default test" tests="1" failures="0" timestamp="10 Jan 2018 20:57:01 GMT" time="103.425" errors="0">
  <testcase name="AnnouncementCreation" time="86.889" classname="com.meridian.test.Announcements"/>
  <testcase name="LoginFlow" time="0.0" classname="com.meridian.test.Announcements">
    <ignored/>
  </testcase> <!-- LoginFlow -->
</testsuite> <!-- Default test -->
