<?xml version="1.0" encoding="UTF-8"?>
<!-- Generated by org.testng.reporters.JUnitXMLReporter -->
<testsuite hostname="PUN-PREMG" ignored="0" name="Announcements Creation" tests="2" failures="0" timestamp="28 Dec 2017 14:40:03 GMT" time="254.65" errors="0">
  <testcase name="AnnouncementCreation_Framework" time="115.068" classname="MeridianPackages.Announcements"/>
  <testcase name="AnnouncementCreation_Fullcode" time="132.427" classname="MeridianPackages.AnnouncementsFullCode"/>
</testsuite> <!-- Announcements Creation -->
