<?xml version="1.0" encoding="UTF-8"?>
<!-- Generated by org.testng.reporters.JUnitXMLReporter -->
<testsuite hostname="LAPTOP-U6N7CFLI" ignored="0" name="Validating User login" tests="2" failures="0" timestamp="25 Dec 2017 08:54:56 GMT" time="275.673" errors="0">
  <testcase name="AnnouncementCreation" time="196.346" classname="MeridianPackages.Announcements"/>
  <testcase name="AnnouncementCreation" time="69.78" classname="MeridianPackages.AnnouncementsFullCode"/>
</testsuite> <!-- Validating User login -->
