<?xml version="1.0" encoding="UTF-8"?>
<!-- Generated by org.testng.reporters.JUnitXMLReporter -->
<testsuite hostname="LAPTOP-U6N7CFLI" ignored="0" name="Validating User login" tests="2" failures="0" timestamp="25 Dec 2017 09:35:55 GMT" time="283.315" errors="0">
  <testcase name="AnnouncementCreation" time="133.745" classname="MeridianPackages.Announcements"/>
  <testcase name="AnnouncementCreation" time="142.684" classname="MeridianPackages.AnnouncementsFullCode"/>
</testsuite> <!-- Validating User login -->
