<?xml version="1.0" encoding="UTF-8"?>
<testng-results skipped="0" failed="0" ignored="0" total="2" passed="2">
  <reporter-output>
  </reporter-output>
  <suite name="Default suite" duration-ms="101811" started-at="2018-01-10T14:27:55Z" finished-at="2018-01-10T14:29:37Z">
    <groups>
    </groups>
    <test name="Default test" duration-ms="101811" started-at="2018-01-10T14:27:55Z" finished-at="2018-01-10T14:29:37Z">
      <class name="com.meridian.test.Announcements">
        <test-method status="PASS" signature="initializeDriver()[pri:0, instance:com.meridian.test.Announcements@7cbd213e]" name="initializeDriver" is-config="true" duration-ms="8146" started-at="2018-01-10T19:57:55Z" finished-at="2018-01-10T19:58:04Z">
          <reporter-output>
          </reporter-output>
        </test-method> <!-- initializeDriver -->
        <test-method status="PASS" signature="AnnouncementCreation()[pri:1, instance:com.meridian.test.Announcements@7cbd213e]" name="AnnouncementCreation" duration-ms="64965" started-at="2018-01-10T19:58:04Z" finished-at="2018-01-10T19:59:09Z">
          <reporter-output>
          </reporter-output>
        </test-method> <!-- AnnouncementCreation -->
        <test-method status="PASS" signature="teardown()[pri:0, instance:com.meridian.test.Announcements@7cbd213e]" name="teardown" is-config="true" duration-ms="2326" started-at="2018-01-10T19:59:09Z" finished-at="2018-01-10T19:59:11Z">
          <reporter-output>
          </reporter-output>
        </test-method> <!-- teardown -->
        <test-method status="PASS" signature="initializeDriver()[pri:0, instance:com.meridian.test.Announcements@7cbd213e]" name="initializeDriver" is-config="true" duration-ms="10007" started-at="2018-01-10T19:59:11Z" finished-at="2018-01-10T19:59:21Z">
          <reporter-output>
          </reporter-output>
        </test-method> <!-- initializeDriver -->
        <test-method status="PASS" signature="LoginFlow()[pri:2, instance:com.meridian.test.Announcements@7cbd213e]" name="LoginFlow" duration-ms="14028" started-at="2018-01-10T19:59:21Z" finished-at="2018-01-10T19:59:35Z">
          <reporter-output>
          </reporter-output>
        </test-method> <!-- LoginFlow -->
        <test-method status="PASS" signature="teardown()[pri:0, instance:com.meridian.test.Announcements@7cbd213e]" name="teardown" is-config="true" duration-ms="2314" started-at="2018-01-10T19:59:35Z" finished-at="2018-01-10T19:59:37Z">
          <reporter-output>
          </reporter-output>
        </test-method> <!-- teardown -->
        <test-method status="PASS" signature="cleanUP()[pri:0, instance:com.meridian.test.Announcements@7cbd213e]" name="cleanUP" is-config="true" duration-ms="0" started-at="2018-01-10T19:59:37Z" finished-at="2018-01-10T19:59:37Z">
          <reporter-output>
          </reporter-output>
        </test-method> <!-- cleanUP -->
      </class> <!-- com.meridian.test.Announcements -->
    </test> <!-- Default test -->
  </suite> <!-- Default suite -->
</testng-results>
